<?xml version="1.0" encoding="UTF-8"?>
<!-- Generated by org.testng.reporters.JUnitXMLReporter -->
<testsuite ignored="0" hostname="DESKTOP-G7HDG2O" failures="0" tests="2" name="Test(failed)" time="14.787" errors="0" timestamp="2021-12-22T14:20:14 IST">
  <testcase classname="test.LoginTest" name="@BeforeMethod openBrowserApplication" time="14.605">
    <failure type="java.lang.NullPointerException" message="Cannot invoke &amp;quot;org.apache.logging.log4j.Logger.debug(String)&amp;quot; because &amp;quot;this.log&amp;quot; is null">
      <![CDATA[java.lang.NullPointerException: Cannot invoke "org.apache.logging.log4j.Logger.debug(String)" because "this.log" is null
at test.LoginTest.openBrowserApplication(LoginTest.java:71)
at java.base/java.util.ArrayList.forEach(ArrayList.java:1511)
... Removed 31 stack frames]]>
    </failure>
  </testcase> <!-- @BeforeMethod openBrowserApplication -->
  <testcase classname="test.LoginTest" name="@AfterMethod teardown" time="-1.640163014317E9">
    <skipped/>
  </testcase> <!-- @AfterMethod teardown -->
  <testcase classname="test.LoginTest" name="@BeforeMethod openBrowserApplication" time="-1.640163014321E9">
    <skipped/>
  </testcase> <!-- @BeforeMethod openBrowserApplication -->
  <testcase classname="test.LoginTest" name="@AfterMethod teardown" time="-1.640163014336E9">
    <skipped/>
  </testcase> <!-- @AfterMethod teardown -->
  <testcase classname="test.LoginTest" name="login" time="0.0">
    <skipped/>
  </testcase> <!-- login -->
  <testcase classname="test.LoginTest" name="login" time="0.0">
    <skipped/>
  </testcase> <!-- login -->
</testsuite> <!-- Test(failed) -->
